<?xml version="1.0" encoding="UTF-8"?>
<testsuite name="kwy.demo.parser.ApplicationTest" tests="3" skipped="0" failures="0" errors="0" timestamp="2022-04-10T17:42:21" hostname="DESKTOP-MM3Q7OA" time="2.975">
  <properties/>
  <testcase name="inputWithInvalidText()" classname="kwy.demo.parser.ApplicationTest" time="0.015"/>
  <testcase name="inputWithValidRoadName()" classname="kwy.demo.parser.ApplicationTest" time="1.701"/>
  <testcase name="inputWithValidRoadNameIncludingAnotherDelimiter()" classname="kwy.demo.parser.ApplicationTest" time="1.257"/>
  <system-out><![CDATA[]]></system-out>
  <system-err><![CDATA[]]></system-err>
</testsuite>
